# JRE version: OpenJDK Runtime Environment (7.0_65-b32) (build 1.7.0_65-b32)
# Java VM: OpenJDK Client VM (24.65-b04 mixed mode, sharing linux-x86 )
Heap
 def new generation   total 4800K, used 4466K [0x7e800000, 0x7ed30000, 0x83d50000)
  eden space 4288K,  92% used [0x7e800000, 0x7ebdcba0, 0x7ec30000)
  from space 512K,  99% used [0x7ec30000, 0x7ecafff8, 0x7ecb0000)
  to   space 512K,   0% used [0x7ecb0000, 0x7ecb0000, 0x7ed30000)
 tenured generation   total 10752K, used 8895K [0x83d50000, 0x847d0000, 0x8e800000)
   the space 10752K,  82% used [0x83d50000, 0x845ffe48, 0x84600000, 0x847d0000)
 compacting perm gen  total 12288K, used 10648K [0x8e800000, 0x8f400000, 0x92800000)
   the space 12288K,  86% used [0x8e800000, 0x8f2660e0, 0x8f266200, 0x8f400000)
    ro space 10240K,  58% used [0x92800000, 0x92de0d00, 0x92de0e00, 0x93200000)
    rw space 12288K,  59% used [0x93200000, 0x93915cc0, 0x93915e00, 0x93e00000)
GC Heap History (10 events):
Event: 2,943 GC heap before
{Heap before GC invocations=13 (full 0):
 def new generation   total 4800K, used 4691K [0x7e800000, 0x7ed30000, 0x83d50000)
  eden space 4288K, 100% used [0x7e800000, 0x7ec30000, 0x7ec30000)
  from space 512K,  78% used [0x7ecb0000, 0x7ed14c78, 0x7ed30000)
  to   space 512K,   0% used [0x7ec30000, 0x7ec30000, 0x7ecb0000)
 tenured generation   total 10752K, used 7405K [0x83d50000, 0x847d0000, 0x8e800000)
   the space 10752K,  68% used [0x83d50000, 0x8448b440, 0x8448b600, 0x847d0000)
 compacting perm gen  total 12288K, used 7255K [0x8e800000, 0x8f400000, 0x92800000)
   the space 12288K,  59% used [0x8e800000, 0x8ef15f88, 0x8ef16000, 0x8f400000)
    ro space 10240K,  58% used [0x92800000, 0x92de0d00, 0x92de0e00, 0x93200000)
    rw space 12288K,  59% used [0x93200000, 0x93915cc0, 0x93915e00, 0x93e00000)
Event: 2,947 GC heap after
Heap after GC invocations=14 (full 0):
 def new generation   total 4800K, used 511K [0x7e800000, 0x7ed30000, 0x83d50000)
  eden space 4288K,   0% used [0x7e800000, 0x7e800000, 0x7ec30000)
  from space 512K,  99% used [0x7ec30000, 0x7ecafff8, 0x7ecb0000)
  to   space 512K,   0% used [0x7ecb0000, 0x7ecb0000, 0x7ed30000)
 tenured generation   total 10752K, used 7708K [0x83d50000, 0x847d0000, 0x8e800000)
   the space 10752K,  71% used [0x83d50000, 0x844d7328, 0x844d7400, 0x847d0000)
 compacting perm gen  total 12288K, used 7255K [0x8e800000, 0x8f400000, 0x92800000)
   the space 12288K,  59% used [0x8e800000, 0x8ef15f88, 0x8ef16000, 0x8f400000)
    ro space 10240K,  58% used [0x92800000, 0x92de0d00, 0x92de0e00, 0x93200000)
    rw space 12288K,  59% used [0x93200000, 0x93915cc0, 0x93915e00, 0x93e00000)
}
Event: 3,064 GC heap before
{Heap before GC invocations=14 (full 0):
 def new generation   total 4800K, used 4793K [0x7e800000, 0x7ed30000, 0x83d50000)
  eden space 4288K,  99% used [0x7e800000, 0x7ec2e4f8, 0x7ec30000)
  from space 512K,  99% used [0x7ec30000, 0x7ecafff8, 0x7ecb0000)
  to   space 512K,   0% used [0x7ecb0000, 0x7ecb0000, 0x7ed30000)
 tenured generation   total 10752K, used 7708K [0x83d50000, 0x847d0000, 0x8e800000)
   the space 10752K,  71% used [0x83d50000, 0x844d7328, 0x844d7400, 0x847d0000)
 compacting perm gen  total 12288K, used 8229K [0x8e800000, 0x8f400000, 0x92800000)
   the space 12288K,  66% used [0x8e800000, 0x8f009450, 0x8f009600, 0x8f400000)
    ro space 10240K,  58% used [0x92800000, 0x92de0d00, 0x92de0e00, 0x93200000)
    rw space 12288K,  59% used [0x93200000, 0x93915cc0, 0x93915e00, 0x93e00000)
Event: 3,067 GC heap after
Heap after GC invocations=15 (full 0):
 def new generation   total 4800K, used 511K [0x7e800000, 0x7ed30000, 0x83d50000)
  eden space 4288K,   0% used [0x7e800000, 0x7e800000, 0x7ec30000)
  from space 512K,  99% used [0x7ecb0000, 0x7ed2fff8, 0x7ed30000)
  to   space 512K,   0% used [0x7ec30000, 0x7ec30000, 0x7ecb0000)
 tenured generation   total 10752K, used 7995K [0x83d50000, 0x847d0000, 0x8e800000)
   the space 10752K,  74% used [0x83d50000, 0x8451ed58, 0x8451ee00, 0x847d0000)
 compacting perm gen  total 12288K, used 8229K [0x8e800000, 0x8f400000, 0x92800000)
   the space 12288K,  66% used [0x8e800000, 0x8f009450, 0x8f009600, 0x8f400000)
    ro space 10240K,  58% used [0x92800000, 0x92de0d00, 0x92de0e00, 0x93200000)
    rw space 12288K,  59% used [0x93200000, 0x93915cc0, 0x93915e00, 0x93e00000)
}
Event: 3,192 GC heap before
{Heap before GC invocations=15 (full 0):
 def new generation   total 4800K, used 4799K [0x7e800000, 0x7ed30000, 0x83d50000)
  eden space 4288K, 100% used [0x7e800000, 0x7ec30000, 0x7ec30000)
  from space 512K,  99% used [0x7ecb0000, 0x7ed2fff8, 0x7ed30000)
  to   space 512K,   0% used [0x7ec30000, 0x7ec30000, 0x7ecb0000)
 tenured generation   total 10752K, used 7995K [0x83d50000, 0x847d0000, 0x8e800000)
   the space 10752K,  74% used [0x83d50000, 0x8451ed58, 0x8451ee00, 0x847d0000)
 compacting perm gen  total 12288K, used 8920K [0x8e800000, 0x8f400000, 0x92800000)
   the space 12288K,  72% used [0x8e800000, 0x8f0b62a0, 0x8f0b6400, 0x8f400000)
    ro space 10240K,  58% used [0x92800000, 0x92de0d00, 0x92de0e00, 0x93200000)
    rw space 12288K,  59% used [0x93200000, 0x93915cc0, 0x93915e00, 0x93e00000)
Event: 3,195 GC heap after
Heap after GC invocations=16 (full 0):
 def new generation   total 4800K, used 512K [0x7e800000, 0x7ed30000, 0x83d50000)
  eden space 4288K,   0% used [0x7e800000, 0x7e800000, 0x7ec30000)
  from space 512K, 100% used [0x7ec30000, 0x7ecb0000, 0x7ecb0000)
  to   space 512K,   0% used [0x7ecb0000, 0x7ecb0000, 0x7ed30000)
 tenured generation   total 10752K, used 8149K [0x83d50000, 0x847d0000, 0x8e800000)
   the space 10752K,  75% used [0x83d50000, 0x845456a8, 0x84545800, 0x847d0000)
 compacting perm gen  total 12288K, used 8920K [0x8e800000, 0x8f400000, 0x92800000)
   the space 12288K,  72% used [0x8e800000, 0x8f0b62a0, 0x8f0b6400, 0x8f400000)
    ro space 10240K,  58% used [0x92800000, 0x92de0d00, 0x92de0e00, 0x93200000)
    rw space 12288K,  59% used [0x93200000, 0x93915cc0, 0x93915e00, 0x93e00000)
}
Event: 3,318 GC heap before
{Heap before GC invocations=16 (full 0):
 def new generation   total 4800K, used 4789K [0x7e800000, 0x7ed30000, 0x83d50000)
  eden space 4288K,  99% used [0x7e800000, 0x7ec2d638, 0x7ec30000)
  from space 512K, 100% used [0x7ec30000, 0x7ecb0000, 0x7ecb0000)
  to   space 512K,   0% used [0x7ecb0000, 0x7ecb0000, 0x7ed30000)
 tenured generation   total 10752K, used 8149K [0x83d50000, 0x847d0000, 0x8e800000)
   the space 10752K,  75% used [0x83d50000, 0x845456a8, 0x84545800, 0x847d0000)
 compacting perm gen  total 12288K, used 9618K [0x8e800000, 0x8f400000, 0x92800000)
   the space 12288K,  78% used [0x8e800000, 0x8f164860, 0x8f164a00, 0x8f400000)
    ro space 10240K,  58% used [0x92800000, 0x92de0d00, 0x92de0e00, 0x93200000)
    rw space 12288K,  59% used [0x93200000, 0x93915cc0, 0x93915e00, 0x93e00000)
Event: 3,321 GC heap after
Heap after GC invocations=17 (full 0):
 def new generation   total 4800K, used 512K [0x7e800000, 0x7ed30000, 0x83d50000)
  eden space 4288K,   0% used [0x7e800000, 0x7e800000, 0x7ec30000)
  from space 512K, 100% used [0x7ecb0000, 0x7ed30000, 0x7ed30000)
  to   space 512K,   0% used [0x7ec30000, 0x7ec30000, 0x7ecb0000)
 tenured generation   total 10752K, used 8468K [0x83d50000, 0x847d0000, 0x8e800000)
   the space 10752K,  78% used [0x83d50000, 0x84595218, 0x84595400, 0x847d0000)
 compacting perm gen  total 12288K, used 9618K [0x8e800000, 0x8f400000, 0x92800000)
   the space 12288K,  78% used [0x8e800000, 0x8f164860, 0x8f164a00, 0x8f400000)
    ro space 10240K,  58% used [0x92800000, 0x92de0d00, 0x92de0e00, 0x93200000)
    rw space 12288K,  59% used [0x93200000, 0x93915cc0, 0x93915e00, 0x93e00000)
}
Event: 3,388 GC heap before
{Heap before GC invocations=17 (full 0):
 def new generation   total 4800K, used 4800K [0x7e800000, 0x7ed30000, 0x83d50000)
  eden space 4288K, 100% used [0x7e800000, 0x7ec30000, 0x7ec30000)
  from space 512K, 100% used [0x7ecb0000, 0x7ed30000, 0x7ed30000)
  to   space 512K,   0% used [0x7ec30000, 0x7ec30000, 0x7ecb0000)
 tenured generation   total 10752K, used 8468K [0x83d50000, 0x847d0000, 0x8e800000)
   the space 10752K,  78% used [0x83d50000, 0x84595218, 0x84595400, 0x847d0000)
 compacting perm gen  total 12288K, used 10224K [0x8e800000, 0x8f400000, 0x92800000)
   the space 12288K,  83% used [0x8e800000, 0x8f1fc338, 0x8f1fc400, 0x8f400000)
    ro space 10240K,  58% used [0x92800000, 0x92de0d00, 0x92de0e00, 0x93200000)
    rw space 12288K,  59% used [0x93200000, 0x93915cc0, 0x93915e00, 0x93e00000)
Event: 3,392 GC heap after
Heap after GC invocations=18 (full 0):
 def new generation   total 4800K, used 511K [0x7e800000, 0x7ed30000, 0x83d50000)
  eden space 4288K,   0% used [0x7e800000, 0x7e800000, 0x7ec30000)
  from space 512K,  99% used [0x7ec30000, 0x7ecafff8, 0x7ecb0000)
  to   space 512K,   0% used [0x7ecb0000, 0x7ecb0000, 0x7ed30000)
 tenured generation   total 10752K, used 8895K [0x83d50000, 0x847d0000, 0x8e800000)
   the space 10752K,  82% used [0x83d50000, 0x845ffe48, 0x84600000, 0x847d0000)
 compacting perm gen  total 12288K, used 10224K [0x8e800000, 0x8f400000, 0x92800000)
   the space 12288K,  83% used [0x8e800000, 0x8f1fc338, 0x8f1fc400, 0x8f400000)
    ro space 10240K,  58% used [0x92800000, 0x92de0d00, 0x92de0e00, 0x93200000)
    rw space 12288K,  59% used [0x93200000, 0x93915cc0, 0x93915e00, 0x93e00000)
}

