# JRE version: OpenJDK Runtime Environment (7.0_65-b32) (build 1.7.0_65-b32)
# Java VM: OpenJDK Client VM (24.65-b04 mixed mode, sharing linux-x86 )
Heap
 def new generation   total 4800K, used 4428K [0x7e800000, 0x7ed30000, 0x83d50000)
  eden space 4288K,  91% used [0x7e800000, 0x7ebd33b8, 0x7ec30000)
  from space 512K,  99% used [0x7ec30000, 0x7ecafff8, 0x7ecb0000)
  to   space 512K,   0% used [0x7ecb0000, 0x7ecb0000, 0x7ed30000)
 tenured generation   total 10752K, used 8868K [0x83d50000, 0x847d0000, 0x8e800000)
   the space 10752K,  82% used [0x83d50000, 0x845f9108, 0x845f9200, 0x847d0000)
 compacting perm gen  total 12288K, used 10653K [0x8e800000, 0x8f400000, 0x92800000)
   the space 12288K,  86% used [0x8e800000, 0x8f267520, 0x8f267600, 0x8f400000)
    ro space 10240K,  58% used [0x92800000, 0x92de0d00, 0x92de0e00, 0x93200000)
    rw space 12288K,  59% used [0x93200000, 0x93915cc0, 0x93915e00, 0x93e00000)
GC Heap History (10 events):
Event: 2,677 GC heap before
{Heap before GC invocations=13 (full 0):
 def new generation   total 4800K, used 4713K [0x7e800000, 0x7ed30000, 0x83d50000)
  eden space 4288K, 100% used [0x7e800000, 0x7ec30000, 0x7ec30000)
  from space 512K,  83% used [0x7ecb0000, 0x7ed1a690, 0x7ed30000)
  to   space 512K,   0% used [0x7ec30000, 0x7ec30000, 0x7ecb0000)
 tenured generation   total 10752K, used 7419K [0x83d50000, 0x847d0000, 0x8e800000)
   the space 10752K,  69% used [0x83d50000, 0x8448eea8, 0x8448f000, 0x847d0000)
 compacting perm gen  total 12288K, used 7273K [0x8e800000, 0x8f400000, 0x92800000)
   the space 12288K,  59% used [0x8e800000, 0x8ef1a460, 0x8ef1a600, 0x8f400000)
    ro space 10240K,  58% used [0x92800000, 0x92de0d00, 0x92de0e00, 0x93200000)
    rw space 12288K,  59% used [0x93200000, 0x93915cc0, 0x93915e00, 0x93e00000)
Event: 2,680 GC heap after
Heap after GC invocations=14 (full 0):
 def new generation   total 4800K, used 512K [0x7e800000, 0x7ed30000, 0x83d50000)
  eden space 4288K,   0% used [0x7e800000, 0x7e800000, 0x7ec30000)
  from space 512K, 100% used [0x7ec30000, 0x7ecb0000, 0x7ecb0000)
  to   space 512K,   0% used [0x7ecb0000, 0x7ecb0000, 0x7ed30000)
 tenured generation   total 10752K, used 7714K [0x83d50000, 0x847d0000, 0x8e800000)
   the space 10752K,  71% used [0x83d50000, 0x844d8928, 0x844d8a00, 0x847d0000)
 compacting perm gen  total 12288K, used 7273K [0x8e800000, 0x8f400000, 0x92800000)
   the space 12288K,  59% used [0x8e800000, 0x8ef1a460, 0x8ef1a600, 0x8f400000)
    ro space 10240K,  58% used [0x92800000, 0x92de0d00, 0x92de0e00, 0x93200000)
    rw space 12288K,  59% used [0x93200000, 0x93915cc0, 0x93915e00, 0x93e00000)
}
Event: 2,779 GC heap before
{Heap before GC invocations=14 (full 0):
 def new generation   total 4800K, used 4799K [0x7e800000, 0x7ed30000, 0x83d50000)
  eden space 4288K,  99% used [0x7e800000, 0x7ec2fc58, 0x7ec30000)
  from space 512K, 100% used [0x7ec30000, 0x7ecb0000, 0x7ecb0000)
  to   space 512K,   0% used [0x7ecb0000, 0x7ecb0000, 0x7ed30000)
 tenured generation   total 10752K, used 7714K [0x83d50000, 0x847d0000, 0x8e800000)
   the space 10752K,  71% used [0x83d50000, 0x844d8928, 0x844d8a00, 0x847d0000)
 compacting perm gen  total 12288K, used 8255K [0x8e800000, 0x8f400000, 0x92800000)
   the space 12288K,  67% used [0x8e800000, 0x8f00fd28, 0x8f00fe00, 0x8f400000)
    ro space 10240K,  58% used [0x92800000, 0x92de0d00, 0x92de0e00, 0x93200000)
    rw space 12288K,  59% used [0x93200000, 0x93915cc0, 0x93915e00, 0x93e00000)
Event: 2,783 GC heap after
Heap after GC invocations=15 (full 0):
 def new generation   total 4800K, used 511K [0x7e800000, 0x7ed30000, 0x83d50000)
  eden space 4288K,   0% used [0x7e800000, 0x7e800000, 0x7ec30000)
  from space 512K,  99% used [0x7ecb0000, 0x7ed2fff8, 0x7ed30000)
  to   space 512K,   0% used [0x7ec30000, 0x7ec30000, 0x7ecb0000)
 tenured generation   total 10752K, used 7974K [0x83d50000, 0x847d0000, 0x8e800000)
   the space 10752K,  74% used [0x83d50000, 0x84519b40, 0x84519c00, 0x847d0000)
 compacting perm gen  total 12288K, used 8255K [0x8e800000, 0x8f400000, 0x92800000)
   the space 12288K,  67% used [0x8e800000, 0x8f00fd28, 0x8f00fe00, 0x8f400000)
    ro space 10240K,  58% used [0x92800000, 0x92de0d00, 0x92de0e00, 0x93200000)
    rw space 12288K,  59% used [0x93200000, 0x93915cc0, 0x93915e00, 0x93e00000)
}
Event: 2,895 GC heap before
{Heap before GC invocations=15 (full 0):
 def new generation   total 4800K, used 4799K [0x7e800000, 0x7ed30000, 0x83d50000)
  eden space 4288K, 100% used [0x7e800000, 0x7ec30000, 0x7ec30000)
  from space 512K,  99% used [0x7ecb0000, 0x7ed2fff8, 0x7ed30000)
  to   space 512K,   0% used [0x7ec30000, 0x7ec30000, 0x7ecb0000)
 tenured generation   total 10752K, used 7974K [0x83d50000, 0x847d0000, 0x8e800000)
   the space 10752K,  74% used [0x83d50000, 0x84519b40, 0x84519c00, 0x847d0000)
 compacting perm gen  total 12288K, used 8928K [0x8e800000, 0x8f400000, 0x92800000)
   the space 12288K,  72% used [0x8e800000, 0x8f0b8280, 0x8f0b8400, 0x8f400000)
    ro space 10240K,  58% used [0x92800000, 0x92de0d00, 0x92de0e00, 0x93200000)
    rw space 12288K,  59% used [0x93200000, 0x93915cc0, 0x93915e00, 0x93e00000)
Event: 2,898 GC heap after
Heap after GC invocations=16 (full 0):
 def new generation   total 4800K, used 512K [0x7e800000, 0x7ed30000, 0x83d50000)
  eden space 4288K,   0% used [0x7e800000, 0x7e800000, 0x7ec30000)
  from space 512K, 100% used [0x7ec30000, 0x7ecb0000, 0x7ecb0000)
  to   space 512K,   0% used [0x7ecb0000, 0x7ecb0000, 0x7ed30000)
 tenured generation   total 10752K, used 8139K [0x83d50000, 0x847d0000, 0x8e800000)
   the space 10752K,  75% used [0x83d50000, 0x84542f18, 0x84543000, 0x847d0000)
 compacting perm gen  total 12288K, used 8928K [0x8e800000, 0x8f400000, 0x92800000)
   the space 12288K,  72% used [0x8e800000, 0x8f0b8280, 0x8f0b8400, 0x8f400000)
    ro space 10240K,  58% used [0x92800000, 0x92de0d00, 0x92de0e00, 0x93200000)
    rw space 12288K,  59% used [0x93200000, 0x93915cc0, 0x93915e00, 0x93e00000)
}
Event: 3,005 GC heap before
{Heap before GC invocations=16 (full 0):
 def new generation   total 4800K, used 4800K [0x7e800000, 0x7ed30000, 0x83d50000)
  eden space 4288K, 100% used [0x7e800000, 0x7ec30000, 0x7ec30000)
  from space 512K, 100% used [0x7ec30000, 0x7ecb0000, 0x7ecb0000)
  to   space 512K,   0% used [0x7ecb0000, 0x7ecb0000, 0x7ed30000)
 tenured generation   total 10752K, used 8139K [0x83d50000, 0x847d0000, 0x8e800000)
   the space 10752K,  75% used [0x83d50000, 0x84542f18, 0x84543000, 0x847d0000)
 compacting perm gen  total 12288K, used 9622K [0x8e800000, 0x8f400000, 0x92800000)
   the space 12288K,  78% used [0x8e800000, 0x8f165870, 0x8f165a00, 0x8f400000)
    ro space 10240K,  58% used [0x92800000, 0x92de0d00, 0x92de0e00, 0x93200000)
    rw space 12288K,  59% used [0x93200000, 0x93915cc0, 0x93915e00, 0x93e00000)
Event: 3,008 GC heap after
Heap after GC invocations=17 (full 0):
 def new generation   total 4800K, used 512K [0x7e800000, 0x7ed30000, 0x83d50000)
  eden space 4288K,   0% used [0x7e800000, 0x7e800000, 0x7ec30000)
  from space 512K, 100% used [0x7ecb0000, 0x7ed30000, 0x7ed30000)
  to   space 512K,   0% used [0x7ec30000, 0x7ec30000, 0x7ecb0000)
 tenured generation   total 10752K, used 8437K [0x83d50000, 0x847d0000, 0x8e800000)
   the space 10752K,  78% used [0x83d50000, 0x8458d720, 0x8458d800, 0x847d0000)
 compacting perm gen  total 12288K, used 9622K [0x8e800000, 0x8f400000, 0x92800000)
   the space 12288K,  78% used [0x8e800000, 0x8f165870, 0x8f165a00, 0x8f400000)
    ro space 10240K,  58% used [0x92800000, 0x92de0d00, 0x92de0e00, 0x93200000)
    rw space 12288K,  59% used [0x93200000, 0x93915cc0, 0x93915e00, 0x93e00000)
}
Event: 3,073 GC heap before
{Heap before GC invocations=17 (full 0):
 def new generation   total 4800K, used 4800K [0x7e800000, 0x7ed30000, 0x83d50000)
  eden space 4288K, 100% used [0x7e800000, 0x7ec30000, 0x7ec30000)
  from space 512K, 100% used [0x7ecb0000, 0x7ed30000, 0x7ed30000)
  to   space 512K,   0% used [0x7ec30000, 0x7ec30000, 0x7ecb0000)
 tenured generation   total 10752K, used 8437K [0x83d50000, 0x847d0000, 0x8e800000)
   the space 10752K,  78% used [0x83d50000, 0x8458d720, 0x8458d800, 0x847d0000)
 compacting perm gen  total 12288K, used 10234K [0x8e800000, 0x8f400000, 0x92800000)
   the space 12288K,  83% used [0x8e800000, 0x8f1febd8, 0x8f1fec00, 0x8f400000)
    ro space 10240K,  58% used [0x92800000, 0x92de0d00, 0x92de0e00, 0x93200000)
    rw space 12288K,  59% used [0x93200000, 0x93915cc0, 0x93915e00, 0x93e00000)
Event: 3,076 GC heap after
Heap after GC invocations=18 (full 0):
 def new generation   total 4800K, used 511K [0x7e800000, 0x7ed30000, 0x83d50000)
  eden space 4288K,   0% used [0x7e800000, 0x7e800000, 0x7ec30000)
  from space 512K,  99% used [0x7ec30000, 0x7ecafff8, 0x7ecb0000)
  to   space 512K,   0% used [0x7ecb0000, 0x7ecb0000, 0x7ed30000)
 tenured generation   total 10752K, used 8868K [0x83d50000, 0x847d0000, 0x8e800000)
   the space 10752K,  82% used [0x83d50000, 0x845f9108, 0x845f9200, 0x847d0000)
 compacting perm gen  total 12288K, used 10234K [0x8e800000, 0x8f400000, 0x92800000)
   the space 12288K,  83% used [0x8e800000, 0x8f1febd8, 0x8f1fec00, 0x8f400000)
    ro space 10240K,  58% used [0x92800000, 0x92de0d00, 0x92de0e00, 0x93200000)
    rw space 12288K,  59% used [0x93200000, 0x93915cc0, 0x93915e00, 0x93e00000)
}

